[Committee] John Cornyn speaks: support (vote YES)
[Lobby] John Cornyn -> Members of Congress concerned about climate change and its impact on grid reliability
[Lobby] John Cornyn -> Advocates for improved disaster preparedness measures across the nation
[Committee] Hakeem Jeffries speaks: undecided (vote ABSTAIN)
[Committee] Marco Rubio speaks: support (vote YES)
[Lobby] Marco Rubio -> John Cornyn
[Advocate] Marco Rubio speaks: support
[Lobby] Marco Rubio -> John Cornyn
[Lobby] Marco Rubio -> Hakeem Jeffries
[Floor] Rand Paul speaks: support (vote YES)
[Lobby] Rand Paul -> John Cornyn
[Lobby] Rand Paul -> Marco Rubio
[Floor] Amy Klobuchar speaks: undecided (vote ABSTAIN)
[Floor] Katie Porter speaks: support (vote YES)
[Lobby] Katie Porter -> John Cornyn
[Lobby] Katie Porter -> Rand Paul
[Floor] Ted Cruz speaks: support (vote YES)
[Lobby] Ted Cruz -> Marco Rubio
[Floor] Lisa Murkowski speaks: support (vote YES)
[Lobby] Lisa Murkowski -> Senator Rubio
[Floor] Aidan Liu speaks: undecided (vote ABSTAIN)
[Floor] Max Chen speaks: support (vote YES)
[Lobby] Max Chen -> Marco Rubio
[Lobby] Max Chen -> Rand Paul